<?xml version="1.0" encoding="UTF-8"?>
<!-- Generated by org.testng.reporters.JUnitXMLReporter -->
<testsuite ignored="0" hostname="DESKTOP-RAJR6B5" failures="0" tests="3" name="Test" time="0.531" errors="0" timestamp="2020-03-01T23:17:41 IST">
  <testcase classname="tests.HomePageTest" name="FlipkartTitle" time="0.0">
    <skipped/>
  </testcase> <!-- FlipkartTitle -->
  <testcase classname="tests.HomePageTest" name="FlipkartLoginBtn" time="0.0">
    <skipped/>
  </testcase> <!-- FlipkartLoginBtn -->
  <testcase classname="tests.LoginTest" name="login_ValidUserValidPass" time="0.0">
    <skipped/>
  </testcase> <!-- login_ValidUserValidPass -->
</testsuite> <!-- Test -->
