<?xml version="1.0" encoding="UTF-8"?>
<!-- Generated by org.testng.reporters.JUnitXMLReporter -->
<testsuite ignored="0" hostname="DESKTOP-RAJR6B5" failures="0" tests="3" name="Test1" time="22.298" errors="0" timestamp="2020-03-04T20:21:18 IST">
  <testcase classname="tests.HomePageTest" name="FlipkartTitle" time="0.037"/>
  <testcase classname="tests.HomePageTest" name="FlipkartLoginBtn" time="0.215"/>
  <testcase classname="tests.LoginTest" name="login_ValidUserValidPass" time="0.589"/>
</testsuite> <!-- Test1 -->
